<?xml version="1.0" encoding="UTF-8" standalone="no"?>
<!DOCTYPE log SYSTEM "logger.dtd">
<log>
<record>
  <date>2017-08-02T14:06:33.983-0300</date>
  <logger>LUCAS VENANCIO DUARTE</logger>
  <level>FINE</level>
  <message>File 116210074-LUCAS VENANCIO DUARTE.zip was received. It was sent by LUCAS VENANCIO DUARTE from IP 192.168.1.4</message>
</record>
</log>
<?xml version="1.0" encoding="UTF-8" standalone="no"?>
<!DOCTYPE log SYSTEM "logger.dtd">
<log>
<record>
  <date>2017-08-02T18:50:47.969-0300</date>
  <logger>LUCAS VENANCIO DUARTE</logger>
  <level>FINE</level>
  <message>File 116210074-LUCAS VENANCIO DUARTE.zip was received. It was sent by LUCAS VENANCIO DUARTE from IP 192.168.1.4</message>
</record>
</log>
<?xml version="1.0" encoding="UTF-8" standalone="no"?>
<!DOCTYPE log SYSTEM "logger.dtd">
<log>
<record>
  <date>2017-08-02T21:46:09.328-0300</date>
  <logger>LUCAS VENANCIO DUARTE</logger>
  <level>FINE</level>
  <message>File 116210074-LUCAS VENANCIO DUARTE.zip was received. It was sent by LUCAS VENANCIO DUARTE from IP 192.168.1.4</message>
</record>
