<?xml version="1.0" encoding="UTF-8" standalone="no"?>
<!DOCTYPE log SYSTEM "logger.dtd">
<log>
<record>
  <date>2017-06-14T14:30:44.324-0300</date>
  <logger>LUCAS VENANCIO DUARTE</logger>
  <level>FINE</level>
  <message>File 116210074-LUCAS VENANCIO DUARTE.zip was received. It was sent by LUCAS VENANCIO DUARTE from IP 192.168.1.12</message>
</record>
</log>
<?xml version="1.0" encoding="UTF-8" standalone="no"?>
<!DOCTYPE log SYSTEM "logger.dtd">
<log>
<record>
  <date>2017-06-14T15:15:55.943-0300</date>
  <logger>LUCAS VENANCIO DUARTE</logger>
  <level>FINE</level>
  <message>File 116210074-LUCAS VENANCIO DUARTE.zip was received. It was sent by LUCAS VENANCIO DUARTE from IP 192.168.1.5</message>
</record>
</log>
<?xml version="1.0" encoding="UTF-8" standalone="no"?>
<!DOCTYPE log SYSTEM "logger.dtd">
<log>
<record>
  <date>2017-06-14T16:28:38.830-0300</date>
  <logger>LUCAS VENANCIO DUARTE</logger>
  <level>FINE</level>
  <message>File 116210074-LUCAS VENANCIO DUARTE.zip was received. It was sent by LUCAS VENANCIO DUARTE from IP 192.168.1.5</message>
</record>
</log>
<?xml version="1.0" encoding="UTF-8" standalone="no"?>
<!DOCTYPE log SYSTEM "logger.dtd">
<log>
<record>
  <date>2017-06-14T20:39:31.200-0300</date>
  <logger>LUCAS VENANCIO DUARTE</logger>
  <level>FINE</level>
  <message>File 116210074-LUCAS VENANCIO DUARTE.zip was received. It was sent by LUCAS VENANCIO DUARTE from IP 192.168.1.2</message>
</record>
</log>
<?xml version="1.0" encoding="UTF-8" standalone="no"?>
<!DOCTYPE log SYSTEM "logger.dtd">
<log>
<record>
  <date>2017-06-14T22:19:46.390-0300</date>
  <logger>LUCAS VENANCIO DUARTE</logger>
  <level>FINE</level>
  <message>File 116210074-LUCAS VENANCIO DUARTE.zip was received. It was sent by LUCAS VENANCIO DUARTE from IP 192.168.1.2</message>
</record>
</log>
<?xml version="1.0" encoding="UTF-8" standalone="no"?>
<!DOCTYPE log SYSTEM "logger.dtd">
<log>
<record>
  <date>2017-06-14T22:21:56.920-0300</date>
  <logger>LUCAS VENANCIO DUARTE</logger>
  <level>FINE</level>
  <message>File 116210074-LUCAS VENANCIO DUARTE.zip was received. It was sent by LUCAS VENANCIO DUARTE from IP 192.168.1.2</message>
</record>
</log>
<?xml version="1.0" encoding="UTF-8" standalone="no"?>
<!DOCTYPE log SYSTEM "logger.dtd">
<log>
<record>
  <date>2017-06-14T23:08:15.486-0300</date>
  <logger>LUCAS VENANCIO DUARTE</logger>
  <level>FINE</level>
  <message>File 116210074-LUCAS VENANCIO DUARTE.zip was received. It was sent by LUCAS VENANCIO DUARTE from IP 192.168.1.2</message>
</record>
