<?xml version="1.0" encoding="UTF-8" standalone="no"?>
<!DOCTYPE log SYSTEM "logger.dtd">
<log>
<record>
  <date>2017-06-23T16:12:01.648-0300</date>
  <logger>LUCAS VENANCIO DUARTE</logger>
  <level>FINE</level>
  <message>File 116210074-LUCAS VENANCIO DUARTE.zip was received. It was sent by LUCAS VENANCIO DUARTE from IP 192.168.1.2</message>
</record>
</log>
<?xml version="1.0" encoding="UTF-8" standalone="no"?>
<!DOCTYPE log SYSTEM "logger.dtd">
<log>
<record>
  <date>2017-06-23T19:19:49.214-0300</date>
  <logger>LUCAS VENANCIO DUARTE</logger>
  <level>FINE</level>
  <message>File 116210074-LUCAS VENANCIO DUARTE.zip was received. It was sent by LUCAS VENANCIO DUARTE from IP 192.168.1.3</message>
</record>
</log>
<?xml version="1.0" encoding="UTF-8" standalone="no"?>
<!DOCTYPE log SYSTEM "logger.dtd">
<log>
<record>
  <date>2017-06-23T19:51:09.343-0300</date>
  <logger>LUCAS VENANCIO DUARTE</logger>
  <level>FINE</level>
  <message>File 116210074-LUCAS VENANCIO DUARTE.zip was received. It was sent by LUCAS VENANCIO DUARTE from IP 192.168.1.3</message>
</record>
