<?xml version="1.0" encoding="UTF-8" standalone="no"?>
<!DOCTYPE log SYSTEM "logger.dtd">
<log>
<record>
  <date>2017-06-28T14:14:01.496-0300</date>
  <logger>LUCAS VENANCIO DUARTE</logger>
  <level>FINE</level>
  <message>File 116210074-LUCAS VENANCIO DUARTE.zip was received. It was sent by LUCAS VENANCIO DUARTE from IP 127.0.1.1</message>
</record>
</log>
<?xml version="1.0" encoding="UTF-8" standalone="no"?>
<!DOCTYPE log SYSTEM "logger.dtd">
<log>
<record>
  <date>2017-06-28T14:32:37.401-0300</date>
  <logger>LUCAS VENANCIO DUARTE</logger>
  <level>FINE</level>
  <message>File 116210074-LUCAS VENANCIO DUARTE.zip was received. It was sent by LUCAS VENANCIO DUARTE from IP 192.168.1.2</message>
</record>
</log>
<?xml version="1.0" encoding="UTF-8" standalone="no"?>
<!DOCTYPE log SYSTEM "logger.dtd">
<log>
<record>
  <date>2017-06-30T16:10:24.699-0300</date>
  <logger>LUCAS VENANCIO DUARTE</logger>
  <level>FINE</level>
  <message>File 116210074-LUCAS VENANCIO DUARTE.zip was received. It was sent by LUCAS VENANCIO DUARTE from IP 192.168.1.2</message>
</record>
</log>
<?xml version="1.0" encoding="UTF-8" standalone="no"?>
<!DOCTYPE log SYSTEM "logger.dtd">
<log>
<record>
  <date>2017-06-30T18:59:26.603-0300</date>
  <logger>LUCAS VENANCIO DUARTE</logger>
  <level>FINE</level>
  <message>File 116210074-LUCAS VENANCIO DUARTE.zip was received. It was sent by LUCAS VENANCIO DUARTE from IP 192.168.1.2</message>
</record>
</log>
<?xml version="1.0" encoding="UTF-8" standalone="no"?>
<!DOCTYPE log SYSTEM "logger.dtd">
<log>
<record>
  <date>2017-06-30T19:12:49.401-0300</date>
  <logger>LUCAS VENANCIO DUARTE</logger>
  <level>FINE</level>
  <message>File 116210074-LUCAS VENANCIO DUARTE.zip was received. It was sent by LUCAS VENANCIO DUARTE from IP 192.168.1.2</message>
</record>
