<?xml version="1.0" encoding="UTF-8" standalone="no"?>
<!DOCTYPE log SYSTEM "logger.dtd">
<log>
<record>
  <date>2017-07-07T16:13:24.738-0300</date>
  <logger>LUCAS VENANCIO DUARTE</logger>
  <level>FINE</level>
  <message>File 116210074-LUCAS VENANCIO DUARTE.zip was received. It was sent by LUCAS VENANCIO DUARTE from IP 192.168.56.1</message>
</record>
</log>
<?xml version="1.0" encoding="UTF-8" standalone="no"?>
<!DOCTYPE log SYSTEM "logger.dtd">
<log>
<record>
  <date>2017-07-07T18:17:09.037-0300</date>
  <logger>LUCAS VENANCIO DUARTE</logger>
  <level>FINE</level>
  <message>File 116210074-LUCAS VENANCIO DUARTE.zip was received. It was sent by LUCAS VENANCIO DUARTE from IP 192.168.1.2</message>
</record>
</log>
<?xml version="1.0" encoding="UTF-8" standalone="no"?>
<!DOCTYPE log SYSTEM "logger.dtd">
<log>
<record>
  <date>2017-07-07T18:31:05.892-0300</date>
  <logger>LUCAS VENANCIO DUARTE</logger>
  <level>FINE</level>
  <message>File 116210074-LUCAS VENANCIO DUARTE.zip was received. It was sent by LUCAS VENANCIO DUARTE from IP 192.168.1.2</message>
</record>
</log>
<?xml version="1.0" encoding="UTF-8" standalone="no"?>
<!DOCTYPE log SYSTEM "logger.dtd">
<log>
<record>
  <date>2017-07-07T23:42:46.133-0300</date>
  <logger>LUCAS VENANCIO DUARTE</logger>
  <level>FINE</level>
  <message>File 116210074-LUCAS VENANCIO DUARTE.zip was received. It was sent by LUCAS VENANCIO DUARTE from IP 192.168.1.2</message>
</record>
